<?xml version="1.0" encoding="UTF-8"?>
<!-- Generated by org.testng.reporters.JUnitXMLReporter -->
<testsuite ignored="1" hostname="M748095-W10N" failures="0" tests="1" name="Default test" time="0.081" errors="0" timestamp="2021-10-19T18:18:18 IST">
  <testcase classname="qaclickacademy.SeleniumTest" name="BrowserAutomation" time="0.012"/>
  <testcase classname="qaclickacademy.SeleniumTest" name="ElementsUI" time="0.0">
    <ignored/>
  </testcase> <!-- ElementsUI -->
</testsuite> <!-- Default test -->
