<?xml version="1.0" encoding="UTF-8"?>
<!-- Generated by org.testng.reporters.JUnitXMLReporter -->
<testsuite hostname="M748095-W10N" ignored="0" name="Test" tests="4" failures="0" timestamp="2021-10-19T18:35:08 IST" time="0.067" errors="0">
  <testcase name="BrowserAutomation" time="0.009" classname="qaclickacademy.SeleniumTest"/>
  <testcase name="ElementsUI" time="0.0" classname="qaclickacademy.SeleniumTest"/>
  <testcase name="PostJira" time="0.001" classname="qaclickacademy.RestAPITest"/>
  <testcase name="deleteTwitter" time="0.0" classname="qaclickacademy.RestAPITest"/>
</testsuite> <!-- Test -->
