<?xml version="1.0" encoding="UTF-8"?>
<testng-results skipped="0" failed="0" ignored="0" total="4" passed="4">
  <reporter-output>
  </reporter-output>
  <suite name="Suite" duration-ms="67" started-at="2021-10-19T18:35:07 IST" finished-at="2021-10-19T18:35:08 IST">
    <groups>
    </groups>
    <test name="Test" duration-ms="67" started-at="2021-10-19T18:35:07 IST" finished-at="2021-10-19T18:35:08 IST">
      <class name="qaclickacademy.RestAPITest">
        <test-method status="PASS" signature="PostJira()[pri:0, instance:qaclickacademy.RestAPITest@1efed156]" name="PostJira" duration-ms="1" started-at="2021-10-19T18:35:08 IST" finished-at="2021-10-19T18:35:08 IST">
          <reporter-output>
          </reporter-output>
        </test-method> <!-- PostJira -->
        <test-method status="PASS" signature="deleteTwitter()[pri:0, instance:qaclickacademy.RestAPITest@1efed156]" name="deleteTwitter" duration-ms="0" started-at="2021-10-19T18:35:08 IST" finished-at="2021-10-19T18:35:08 IST">
          <reporter-output>
          </reporter-output>
        </test-method> <!-- deleteTwitter -->
      </class> <!-- qaclickacademy.RestAPITest -->
      <class name="qaclickacademy.SeleniumTest">
        <test-method status="PASS" signature="BrowserAutomation()[pri:0, instance:qaclickacademy.SeleniumTest@3cef309d]" name="BrowserAutomation" duration-ms="9" started-at="2021-10-19T18:35:08 IST" finished-at="2021-10-19T18:35:08 IST">
          <reporter-output>
          </reporter-output>
        </test-method> <!-- BrowserAutomation -->
        <test-method status="PASS" signature="ElementsUI()[pri:0, instance:qaclickacademy.SeleniumTest@3cef309d]" name="ElementsUI" duration-ms="0" started-at="2021-10-19T18:35:08 IST" finished-at="2021-10-19T18:35:08 IST">
          <reporter-output>
          </reporter-output>
        </test-method> <!-- ElementsUI -->
      </class> <!-- qaclickacademy.SeleniumTest -->
    </test> <!-- Test -->
  </suite> <!-- Suite -->
</testng-results>
