<?xml version="1.0" encoding="UTF-8"?>
<testng-results ignored="1" total="2" passed="1" failed="0" skipped="0">
  <reporter-output>
  </reporter-output>
  <suite started-at="2021-10-19T18:18:18 IST" name="Default suite" finished-at="2021-10-19T18:18:18 IST" duration-ms="81">
    <groups>
    </groups>
    <test started-at="2021-10-19T18:18:18 IST" name="Default test" finished-at="2021-10-19T18:18:18 IST" duration-ms="81">
      <class name="qaclickacademy.SeleniumTest">
        <test-method signature="BrowserAutomation()[pri:0, instance:qaclickacademy.SeleniumTest@41e1e210]" started-at="2021-10-19T18:18:18 IST" name="BrowserAutomation" finished-at="2021-10-19T18:18:18 IST" duration-ms="12" status="PASS">
          <reporter-output>
          </reporter-output>
        </test-method> <!-- BrowserAutomation -->
      </class> <!-- qaclickacademy.SeleniumTest -->
    </test> <!-- Default test -->
  </suite> <!-- Default suite -->
</testng-results>
